Using pre-set license

 COMMAND LINE ARGUMENTS:
/Applications/Unity/Hub/Editor/2020.3.2f1/Unity.app/Contents/MacOS/Unity
-adb2
-batchMode
-noUpm
-name
AssetImportWorker0
-projectPath
/Users/reatured/Documents/1.3 Unity/Project/Week 10
-logFile
Logs/AssetImportWorker0.log
-srvPort
51302
Successfully changed project path to: /Users/reatured/Documents/1.3 Unity/Project/Week 10
/Users/reatured/Documents/1.3 Unity/Project/Week 10
Using Asset Import Pipeline V2.
Refreshing native plugins compatible for Editor in 35.76 ms, found 1 plugins.
Preloading 0 native plugins for Editor in 0.00 ms.
Initialize engine version: 2020.3.2f1 (8fd9074bf66c)
[Subsystems] Discovering subsystems at path /Applications/Unity/Hub/Editor/2020.3.2f1/Unity.app/Contents/Resources/UnitySubsystems
[Subsystems] Discovering subsystems at path /Users/reatured/Documents/1.3 Unity/Project/Week 10/Assets
GfxDevice: creating device client; threaded=0
2021-06-25 14:27:31.086 Unity[58829:2341278] Color LCD preferred device: Intel(R) UHD Graphics 630 (low power)
2021-06-25 14:27:31.086 Unity[58829:2341278] Metal devices available: 2
2021-06-25 14:27:31.087 Unity[58829:2341278] 0: AMD Radeon Pro 5300M (high power)
2021-06-25 14:27:31.087 Unity[58829:2341278] 1: Intel(R) UHD Graphics 630 (low power)
2021-06-25 14:27:31.087 Unity[58829:2341278] Using device AMD Radeon Pro 5300M (high power)
Initializing Metal device caps: AMD Radeon Pro 5300M
Initialize mono
Mono path[0] = '/Applications/Unity/Hub/Editor/2020.3.2f1/Unity.app/Contents/Managed'
Mono path[1] = '/Applications/Unity/Hub/Editor/2020.3.2f1/Unity.app/Contents/MonoBleedingEdge/lib/mono/unityjit'
Mono config path = '/Applications/Unity/Hub/Editor/2020.3.2f1/Unity.app/Contents/MonoBleedingEdge/etc'
Using monoOptions --debugger-agent=transport=dt_socket,embedding=1,server=y,suspend=n,address=127.0.0.1:56829
Begin MonoManager ReloadAssembly
Registering precompiled unity dll's ...
Register platform support module: /Applications/Unity/Hub/Editor/2020.3.2f1/PlaybackEngines/WebGLSupport/UnityEditor.WebGL.Extensions.dll
Register platform support module: /Applications/Unity/Hub/Editor/2020.3.2f1/Unity.app/Contents/PlaybackEngines/MacStandaloneSupport/UnityEditor.OSXStandalone.Extensions.dll
Register platform support module: /Applications/Unity/Hub/Editor/2020.3.2f1/PlaybackEngines/WindowsStandaloneSupport/UnityEditor.WindowsStandalone.Extensions.dll
Registered in 0.005228 seconds.
Native extension for WindowsStandalone target not found
Native extension for OSXStandalone target not found
Native extension for WebGL target not found
Refreshing native plugins compatible for Editor in 26.23 ms, found 1 plugins.
Preloading 0 native plugins for Editor in 0.00 ms.
Invoked RoslynAnalysisRunner static constructor.
RoslynAnalysisRunner will not be running.
RoslynAnalysisRunner has terminated.
Mono: successfully reloaded assembly
- Completed reload, in  2.947 seconds
Platform modules already initialized, skipping
Registering precompiled user dll's ...
Registered in 0.001462 seconds.
Begin MonoManager ReloadAssembly
Native extension for WindowsStandalone target not found
Native extension for OSXStandalone target not found
Native extension for WebGL target not found
Refreshing native plugins compatible for Editor in 26.67 ms, found 1 plugins.
Preloading 0 native plugins for Editor in 0.00 ms.
Invoked RoslynAnalysisRunner static constructor.
RoslynAnalysisRunner will not be running.
RoslynAnalysisRunner has terminated.
Mono: successfully reloaded assembly
- Completed reload, in  1.035 seconds
Platform modules already initialized, skipping
========================================================================
Worker process is ready to serve import requests
Launching external process: /Applications/Unity/Hub/Editor/2020.3.2f1/Unity.app/Contents/Tools/UnityShaderCompiler
Launched and connected shader compiler UnityShaderCompiler after 0.01 seconds
Refreshing native plugins compatible for Editor in 0.37 ms, found 1 plugins.
Preloading 0 native plugins for Editor in 0.00 ms.
Unloading 1490 Unused Serialized files (Serialized files now loaded: 0)
System memory in use before: 133.7 MB.
System memory in use after: 133.8 MB.

Unloading 22 unused Assets to reduce memory usage. Loaded Objects now: 1933.
Total: 2.851917 ms (FindLiveObjects: 0.277704 ms CreateObjectMapping: 0.119727 ms MarkObjects: 2.361687 ms  DeleteObjects: 0.091645 ms)

========================================================================
Received Import Request.
  path: Assets/Prefabs/Cube.prefab
  artifactKey: Guid(ddf14776ecb604ad7958bf342d3b57fd) Importer(815301076,1909f56bfc062723c751e8b465ee728b)
Start importing Assets/Prefabs/Cube.prefab using Guid(ddf14776ecb604ad7958bf342d3b57fd) Importer(815301076,1909f56bfc062723c751e8b465ee728b)  -> (artifact id: 'eaccf059ccdfb764e517a11883d6fc7c') in 1.656941 seconds
  Import took 1.660939 seconds .

========================================================================
Received Import Request.
  Time since last request: 9.277695 seconds.
  path: Assets/Prefabs/Cube.prefab
  artifactKey: Guid(ddf14776ecb604ad7958bf342d3b57fd) Importer(815301076,1909f56bfc062723c751e8b465ee728b)
Start importing Assets/Prefabs/Cube.prefab using Guid(ddf14776ecb604ad7958bf342d3b57fd) Importer(815301076,1909f56bfc062723c751e8b465ee728b)  -> (artifact id: 'c2b73a4e1539f406f0acd32698de8962') in 0.108202 seconds
  Import took 0.111899 seconds .

========================================================================
Received Import Request.
  Time since last request: 2.730545 seconds.
  path: Assets/Prefabs/Cube.prefab
  artifactKey: Guid(ddf14776ecb604ad7958bf342d3b57fd) Importer(815301076,1909f56bfc062723c751e8b465ee728b)
Start importing Assets/Prefabs/Cube.prefab using Guid(ddf14776ecb604ad7958bf342d3b57fd) Importer(815301076,1909f56bfc062723c751e8b465ee728b)  -> (artifact id: '6553008491dac032ea1d1051384ea60e') in 0.098790 seconds
  Import took 0.102396 seconds .

========================================================================
Received Import Request.
  Time since last request: 0.705680 seconds.
  path: Assets/Prefabs/Cube.prefab
  artifactKey: Guid(ddf14776ecb604ad7958bf342d3b57fd) Importer(815301076,1909f56bfc062723c751e8b465ee728b)
Start importing Assets/Prefabs/Cube.prefab using Guid(ddf14776ecb604ad7958bf342d3b57fd) Importer(815301076,1909f56bfc062723c751e8b465ee728b)  -> (artifact id: '279c9f3c96358a890cd5c87f2b747fc6') in 0.095086 seconds
  Import took 0.098541 seconds .

========================================================================
Received Import Request.
  Time since last request: 4.776560 seconds.
  path: Assets/Prefabs/Cube.prefab
  artifactKey: Guid(ddf14776ecb604ad7958bf342d3b57fd) Importer(815301076,1909f56bfc062723c751e8b465ee728b)
Start importing Assets/Prefabs/Cube.prefab using Guid(ddf14776ecb604ad7958bf342d3b57fd) Importer(815301076,1909f56bfc062723c751e8b465ee728b)  -> (artifact id: 'c8d2770b45e1ac1237cc468a5c80632a') in 0.100381 seconds
  Import took 0.103489 seconds .

========================================================================
Received Import Request.
  Time since last request: 13.387567 seconds.
  path: Assets/Prefabs/Cube.prefab
  artifactKey: Guid(ddf14776ecb604ad7958bf342d3b57fd) Importer(815301076,1909f56bfc062723c751e8b465ee728b)
Start importing Assets/Prefabs/Cube.prefab using Guid(ddf14776ecb604ad7958bf342d3b57fd) Importer(815301076,1909f56bfc062723c751e8b465ee728b)  -> (artifact id: '80087f6be558fe474d7fc8f7df95c7d8') in 0.099881 seconds
  Import took 0.104727 seconds .

========================================================================
Received Import Request.
  Time since last request: 4.353544 seconds.
  path: Assets/Prefabs/Cube.prefab
  artifactKey: Guid(ddf14776ecb604ad7958bf342d3b57fd) Importer(815301076,1909f56bfc062723c751e8b465ee728b)
Start importing Assets/Prefabs/Cube.prefab using Guid(ddf14776ecb604ad7958bf342d3b57fd) Importer(815301076,1909f56bfc062723c751e8b465ee728b)  -> (artifact id: '0c3a4d97b0bc0e16a1125d6c65955c8e') in 0.094291 seconds
  Import took 0.097904 seconds .

========================================================================
Received Import Request.
  Time since last request: 6.346919 seconds.
  path: Assets/Prefabs/Cube.prefab
  artifactKey: Guid(ddf14776ecb604ad7958bf342d3b57fd) Importer(815301076,1909f56bfc062723c751e8b465ee728b)
Start importing Assets/Prefabs/Cube.prefab using Guid(ddf14776ecb604ad7958bf342d3b57fd) Importer(815301076,1909f56bfc062723c751e8b465ee728b)  -> (artifact id: 'ef273242843a5271362776cb5a37005e') in 0.096761 seconds
  Import took 0.100228 seconds .

========================================================================
Received Import Request.
  Time since last request: 2.139911 seconds.
  path: Assets/Prefabs/Cube.prefab
  artifactKey: Guid(ddf14776ecb604ad7958bf342d3b57fd) Importer(815301076,1909f56bfc062723c751e8b465ee728b)
Start importing Assets/Prefabs/Cube.prefab using Guid(ddf14776ecb604ad7958bf342d3b57fd) Importer(815301076,1909f56bfc062723c751e8b465ee728b)  -> (artifact id: '46f575152a1531c0e3a3c97eaf8d041a') in 0.101008 seconds
  Import took 0.104628 seconds .

========================================================================
Received Import Request.
  Time since last request: 11.969983 seconds.
  path: Assets/Prefabs/Cube.prefab
  artifactKey: Guid(ddf14776ecb604ad7958bf342d3b57fd) Importer(815301076,1909f56bfc062723c751e8b465ee728b)
Start importing Assets/Prefabs/Cube.prefab using Guid(ddf14776ecb604ad7958bf342d3b57fd) Importer(815301076,1909f56bfc062723c751e8b465ee728b)  -> (artifact id: 'a3ada548c5a1c1bd9ec12d0a038850e3') in 0.104340 seconds
  Import took 0.108245 seconds .

========================================================================
Received Import Request.
  Time since last request: 1.598766 seconds.
  path: Assets/Prefabs/Cube.prefab
  artifactKey: Guid(ddf14776ecb604ad7958bf342d3b57fd) Importer(815301076,1909f56bfc062723c751e8b465ee728b)
Start importing Assets/Prefabs/Cube.prefab using Guid(ddf14776ecb604ad7958bf342d3b57fd) Importer(815301076,1909f56bfc062723c751e8b465ee728b)  -> (artifact id: 'f3fe019fc4d6ed61ac6a1d7af2a19a27') in 0.101442 seconds
  Import took 0.105435 seconds .

========================================================================
Received Import Request.
  Time since last request: 2.259127 seconds.
  path: Assets/Prefabs/Cube.prefab
  artifactKey: Guid(ddf14776ecb604ad7958bf342d3b57fd) Importer(815301076,1909f56bfc062723c751e8b465ee728b)
Start importing Assets/Prefabs/Cube.prefab using Guid(ddf14776ecb604ad7958bf342d3b57fd) Importer(815301076,1909f56bfc062723c751e8b465ee728b)  -> (artifact id: '6db0723b8a4c16e45a7004b1dca47a4e') in 0.101216 seconds
  Import took 0.104271 seconds .

========================================================================
Received Import Request.
  Time since last request: 5.174059 seconds.
  path: Assets/Prefabs/Cube.prefab
  artifactKey: Guid(ddf14776ecb604ad7958bf342d3b57fd) Importer(815301076,1909f56bfc062723c751e8b465ee728b)
Start importing Assets/Prefabs/Cube.prefab using Guid(ddf14776ecb604ad7958bf342d3b57fd) Importer(815301076,1909f56bfc062723c751e8b465ee728b)  -> (artifact id: '372b79cca0fe24b71a7c5eb52d636acf') in 0.098136 seconds
  Import took 0.101919 seconds .

========================================================================
Received Import Request.
  Time since last request: 5.095218 seconds.
  path: Assets/Prefabs/Cube.prefab
  artifactKey: Guid(ddf14776ecb604ad7958bf342d3b57fd) Importer(815301076,1909f56bfc062723c751e8b465ee728b)
Start importing Assets/Prefabs/Cube.prefab using Guid(ddf14776ecb604ad7958bf342d3b57fd) Importer(815301076,1909f56bfc062723c751e8b465ee728b)  -> (artifact id: '18c4237a2d21381529a677894f2bf71a') in 0.006330 seconds
  Import took 0.009474 seconds .

========================================================================
Received Import Request.
  Time since last request: 3.310730 seconds.
  path: Assets/Prefabs/Cube.prefab
  artifactKey: Guid(ddf14776ecb604ad7958bf342d3b57fd) Importer(815301076,1909f56bfc062723c751e8b465ee728b)
Start importing Assets/Prefabs/Cube.prefab using Guid(ddf14776ecb604ad7958bf342d3b57fd) Importer(815301076,1909f56bfc062723c751e8b465ee728b)  -> (artifact id: '113908b23c72916f32c3e60e261bba49') in 0.100335 seconds
  Import took 0.103910 seconds .

========================================================================
Received Import Request.
  Time since last request: 8.400017 seconds.
  path: Assets/Prefabs/Cube.prefab
  artifactKey: Guid(ddf14776ecb604ad7958bf342d3b57fd) Importer(815301076,1909f56bfc062723c751e8b465ee728b)
Start importing Assets/Prefabs/Cube.prefab using Guid(ddf14776ecb604ad7958bf342d3b57fd) Importer(815301076,1909f56bfc062723c751e8b465ee728b)  -> (artifact id: '0ed42a80dcdb1258af354e2cca5625de') in 0.099807 seconds
  Import took 0.104151 seconds .

========================================================================
Received Import Request.
  Time since last request: 3.690837 seconds.
  path: Assets/Prefabs/Cube.prefab
  artifactKey: Guid(ddf14776ecb604ad7958bf342d3b57fd) Importer(815301076,1909f56bfc062723c751e8b465ee728b)
Start importing Assets/Prefabs/Cube.prefab using Guid(ddf14776ecb604ad7958bf342d3b57fd) Importer(815301076,1909f56bfc062723c751e8b465ee728b)  -> (artifact id: '32e05fd079f7240b3d844c9b2f98572f') in 0.098863 seconds
  Import took 0.102845 seconds .

========================================================================
Received Import Request.
  Time since last request: 0.143778 seconds.
  path: Assets/Prefabs/Cube.prefab
  artifactKey: Guid(ddf14776ecb604ad7958bf342d3b57fd) Importer(815301076,1909f56bfc062723c751e8b465ee728b)
Start importing Assets/Prefabs/Cube.prefab using Guid(ddf14776ecb604ad7958bf342d3b57fd) Importer(815301076,1909f56bfc062723c751e8b465ee728b)  -> (artifact id: '6029f052de375ffe00a996df2912e595') in 0.094345 seconds
  Import took 0.097962 seconds .

========================================================================
Received Import Request.
  Time since last request: 0.280877 seconds.
  path: Assets/Prefabs/Cube.prefab
  artifactKey: Guid(ddf14776ecb604ad7958bf342d3b57fd) Importer(815301076,1909f56bfc062723c751e8b465ee728b)
Start importing Assets/Prefabs/Cube.prefab using Guid(ddf14776ecb604ad7958bf342d3b57fd) Importer(815301076,1909f56bfc062723c751e8b465ee728b)  -> (artifact id: 'd33d4e80d59e35ddc02e42f7cbb40bd0') in 0.094516 seconds
  Import took 0.098434 seconds .

========================================================================
Received Import Request.
  Time since last request: 2.767968 seconds.
  path: Assets/Prefabs/Cube.prefab
  artifactKey: Guid(ddf14776ecb604ad7958bf342d3b57fd) Importer(815301076,1909f56bfc062723c751e8b465ee728b)
Start importing Assets/Prefabs/Cube.prefab using Guid(ddf14776ecb604ad7958bf342d3b57fd) Importer(815301076,1909f56bfc062723c751e8b465ee728b)  -> (artifact id: '4a023d77e63c851fac3a41ab10adbb7b') in 0.100084 seconds
  Import took 0.103688 seconds .

========================================================================
Received Import Request.
  Time since last request: 0.151754 seconds.
  path: Assets/Prefabs/Cube.prefab
  artifactKey: Guid(ddf14776ecb604ad7958bf342d3b57fd) Importer(815301076,1909f56bfc062723c751e8b465ee728b)
Start importing Assets/Prefabs/Cube.prefab using Guid(ddf14776ecb604ad7958bf342d3b57fd) Importer(815301076,1909f56bfc062723c751e8b465ee728b)  -> (artifact id: '61449a7c361ed004ef5409ab2bfa26dc') in 0.095959 seconds
  Import took 0.099811 seconds .

========================================================================
Received Import Request.
  Time since last request: 0.486198 seconds.
  path: Assets/Prefabs/Cube.prefab
  artifactKey: Guid(ddf14776ecb604ad7958bf342d3b57fd) Importer(815301076,1909f56bfc062723c751e8b465ee728b)
Start importing Assets/Prefabs/Cube.prefab using Guid(ddf14776ecb604ad7958bf342d3b57fd) Importer(815301076,1909f56bfc062723c751e8b465ee728b)  -> (artifact id: '2e9c1b68103712b9926137c991a71f3d') in 0.095738 seconds
  Import took 0.099370 seconds .

========================================================================
Received Import Request.
  Time since last request: 3.767718 seconds.
  path: Assets/Prefabs/Cube.prefab
  artifactKey: Guid(ddf14776ecb604ad7958bf342d3b57fd) Importer(815301076,1909f56bfc062723c751e8b465ee728b)
Start importing Assets/Prefabs/Cube.prefab using Guid(ddf14776ecb604ad7958bf342d3b57fd) Importer(815301076,1909f56bfc062723c751e8b465ee728b)  -> (artifact id: '11043f6fee3117a626e8444d87d30112') in 0.101012 seconds
  Import took 0.104150 seconds .

========================================================================
Received Import Request.
  Time since last request: 2.335054 seconds.
  path: Assets/Prefabs/Cube.prefab
  artifactKey: Guid(ddf14776ecb604ad7958bf342d3b57fd) Importer(815301076,1909f56bfc062723c751e8b465ee728b)
Start importing Assets/Prefabs/Cube.prefab using Guid(ddf14776ecb604ad7958bf342d3b57fd) Importer(815301076,1909f56bfc062723c751e8b465ee728b)  -> (artifact id: 'aec27f0fc8f40ac94bf807c19bba751b') in 0.094989 seconds
  Import took 0.098089 seconds .

========================================================================
Received Import Request.
  Time since last request: 3.799440 seconds.
  path: Assets/Prefabs/Cube.prefab
  artifactKey: Guid(ddf14776ecb604ad7958bf342d3b57fd) Importer(815301076,1909f56bfc062723c751e8b465ee728b)
Start importing Assets/Prefabs/Cube.prefab using Guid(ddf14776ecb604ad7958bf342d3b57fd) Importer(815301076,1909f56bfc062723c751e8b465ee728b)  -> (artifact id: 'b5b11e67e8f0f7b0962976a25267bb23') in 0.099876 seconds
  Import took 0.103552 seconds .

========================================================================
Received Import Request.
  Time since last request: 2.753482 seconds.
  path: Assets/Prefabs/Cube.prefab
  artifactKey: Guid(ddf14776ecb604ad7958bf342d3b57fd) Importer(815301076,1909f56bfc062723c751e8b465ee728b)
Start importing Assets/Prefabs/Cube.prefab using Guid(ddf14776ecb604ad7958bf342d3b57fd) Importer(815301076,1909f56bfc062723c751e8b465ee728b)  -> (artifact id: 'ee04447e3f1f63ed1f1ec0c88077337a') in 0.095167 seconds
  Import took 0.098777 seconds .

========================================================================
Received Import Request.
  Time since last request: 1.518998 seconds.
  path: Assets/Prefabs/Cube.prefab
  artifactKey: Guid(ddf14776ecb604ad7958bf342d3b57fd) Importer(815301076,1909f56bfc062723c751e8b465ee728b)
Start importing Assets/Prefabs/Cube.prefab using Guid(ddf14776ecb604ad7958bf342d3b57fd) Importer(815301076,1909f56bfc062723c751e8b465ee728b)  -> (artifact id: '502d49e741588c3ad39231c49ad85d75') in 0.104345 seconds
  Import took 0.108571 seconds .

========================================================================
Received Import Request.
  Time since last request: 2.527130 seconds.
  path: Assets/Prefabs/Cube.prefab
  artifactKey: Guid(ddf14776ecb604ad7958bf342d3b57fd) Importer(815301076,1909f56bfc062723c751e8b465ee728b)
Start importing Assets/Prefabs/Cube.prefab using Guid(ddf14776ecb604ad7958bf342d3b57fd) Importer(815301076,1909f56bfc062723c751e8b465ee728b)  -> (artifact id: 'ecc7ae89f051b1b09317bf6cd4ff2d0f') in 0.101498 seconds
  Import took 0.104872 seconds .

========================================================================
Received Import Request.
  Time since last request: 7.059623 seconds.
  path: Assets/Prefabs/Cube.prefab
  artifactKey: Guid(ddf14776ecb604ad7958bf342d3b57fd) Importer(815301076,1909f56bfc062723c751e8b465ee728b)
Start importing Assets/Prefabs/Cube.prefab using Guid(ddf14776ecb604ad7958bf342d3b57fd) Importer(815301076,1909f56bfc062723c751e8b465ee728b)  -> (artifact id: '044b8da153a6d34a942f995229d7f197') in 0.107519 seconds
  Import took 0.111297 seconds .

========================================================================
Received Import Request.
  Time since last request: 2.130672 seconds.
  path: Assets/Prefabs/Cube.prefab
  artifactKey: Guid(ddf14776ecb604ad7958bf342d3b57fd) Importer(815301076,1909f56bfc062723c751e8b465ee728b)
Start importing Assets/Prefabs/Cube.prefab using Guid(ddf14776ecb604ad7958bf342d3b57fd) Importer(815301076,1909f56bfc062723c751e8b465ee728b)  -> (artifact id: '53b075952112fe6cf9a7956bfdf32fbe') in 0.098356 seconds
  Import took 0.101557 seconds .

========================================================================
Received Import Request.
  Time since last request: 10.728491 seconds.
  path: Assets/Materials/Island/TrunkMaterial.mat
  artifactKey: Guid(81403ee9cc623044287e0b38947c4c2e) Importer(815301076,1909f56bfc062723c751e8b465ee728b)
Start importing Assets/Materials/Island/TrunkMaterial.mat using Guid(81403ee9cc623044287e0b38947c4c2e) Importer(815301076,1909f56bfc062723c751e8b465ee728b)  -> (artifact id: 'a55c504b66703e70d8ff9ba224bdc4b9') in 0.397644 seconds
  Import took 0.401057 seconds .

========================================================================
Received Import Request.
  Time since last request: 0.000226 seconds.
  path: Assets/Prefabs/robot/ControlledRobot.prefab
  artifactKey: Guid(d93d5415c51fa49aba66e61ec7b78b34) Importer(815301076,1909f56bfc062723c751e8b465ee728b)
Start importing Assets/Prefabs/robot/ControlledRobot.prefab using Guid(d93d5415c51fa49aba66e61ec7b78b34) Importer(815301076,1909f56bfc062723c751e8b465ee728b)  -> (artifact id: 'a4ed4b1c9a38f7f34b7bee4ef6a5f204') in 1.913781 seconds
  Import took 1.917290 seconds .

========================================================================
Received Import Request.
  Time since last request: 0.000215 seconds.
  path: Assets/Hovl Studio/Procedural fire/Materials/Smoke26.mat
  artifactKey: Guid(1fd724d226066ad4cbc105d4ad53a444) Importer(815301076,1909f56bfc062723c751e8b465ee728b)
Start importing Assets/Hovl Studio/Procedural fire/Materials/Smoke26.mat using Guid(1fd724d226066ad4cbc105d4ad53a444) Importer(815301076,1909f56bfc062723c751e8b465ee728b)  -> (artifact id: '5182c0b7aa7ba4748acf794bac9207d8') in 0.027048 seconds
  Import took 0.030536 seconds .

========================================================================
Received Import Request.
  Time since last request: 0.000238 seconds.
  path: Assets/Scenes/Meshing/Materials_MeshClassification/MeshMaterial_Wall.mat
  artifactKey: Guid(85dd4974e1b7c488e8ef71f1f4aecbbe) Importer(815301076,1909f56bfc062723c751e8b465ee728b)
Start importing Assets/Scenes/Meshing/Materials_MeshClassification/MeshMaterial_Wall.mat using Guid(85dd4974e1b7c488e8ef71f1f4aecbbe) Importer(815301076,1909f56bfc062723c751e8b465ee728b)  -> (artifact id: '7f6dd26bff32c85406c28af51040ae8d') in 0.060476 seconds
  Import took 0.063713 seconds .

========================================================================
Received Import Request.
  Time since last request: 0.000259 seconds.
  path: Assets/Materials/Island/RocksMaterial.mat
  artifactKey: Guid(2d59ad97aff41a543ac33bd97443f7a7) Importer(815301076,1909f56bfc062723c751e8b465ee728b)
Start importing Assets/Materials/Island/RocksMaterial.mat using Guid(2d59ad97aff41a543ac33bd97443f7a7) Importer(815301076,1909f56bfc062723c751e8b465ee728b)  -> (artifact id: '571b6cff9b416b4de31c240210e9870b') in 0.010173 seconds
  Import took 0.013303 seconds .

========================================================================
Received Import Request.
  Time since last request: 0.000194 seconds.
  path: Assets/Materials/Island/TreeMaterial.mat
  artifactKey: Guid(0090737547b6d3d4ba4818301b64eda7) Importer(815301076,1909f56bfc062723c751e8b465ee728b)
Start importing Assets/Materials/Island/TreeMaterial.mat using Guid(0090737547b6d3d4ba4818301b64eda7) Importer(815301076,1909f56bfc062723c751e8b465ee728b)  -> (artifact id: 'c009eddb46694b63f36c3b911ea2a26e') in 0.009187 seconds
  Import took 0.012534 seconds .

========================================================================
Received Import Request.
  Time since last request: 0.000210 seconds.
  path: Assets/Scenes/Meshing/Materials_MeshClassification/MeshMaterial_Window.mat
  artifactKey: Guid(fb45f34a10a414be185d625e8b6861e3) Importer(815301076,1909f56bfc062723c751e8b465ee728b)
Start importing Assets/Scenes/Meshing/Materials_MeshClassification/MeshMaterial_Window.mat using Guid(fb45f34a10a414be185d625e8b6861e3) Importer(815301076,1909f56bfc062723c751e8b465ee728b)  -> (artifact id: '0b3a1f4f812aad31ead775cd5f2f0a1f') in 0.008783 seconds
  Import took 0.013199 seconds .

========================================================================
Received Import Request.
  Time since last request: 0.000233 seconds.
  path: Assets/Scenes/Meshing/Materials_MeshClassification/MeshMaterial_Table.mat
  artifactKey: Guid(2f2afe03f98184fb580cca72ac690bc4) Importer(815301076,1909f56bfc062723c751e8b465ee728b)
Start importing Assets/Scenes/Meshing/Materials_MeshClassification/MeshMaterial_Table.mat using Guid(2f2afe03f98184fb580cca72ac690bc4) Importer(815301076,1909f56bfc062723c751e8b465ee728b)  -> (artifact id: '472e1e3d9530c8e732b4c9fd8b70c8e8') in 0.008844 seconds
  Import took 0.012050 seconds .

========================================================================
Received Import Request.
  Time since last request: 0.000187 seconds.
  path: Assets/Scenes/Meshing/Materials_MeshClassification/MeshMaterial_Floor.mat
  artifactKey: Guid(3d9e7d215c81b45348f362eb379c1b70) Importer(815301076,1909f56bfc062723c751e8b465ee728b)
Start importing Assets/Scenes/Meshing/Materials_MeshClassification/MeshMaterial_Floor.mat using Guid(3d9e7d215c81b45348f362eb379c1b70) Importer(815301076,1909f56bfc062723c751e8b465ee728b)  -> (artifact id: 'cd19bbb902587a62df7f0c47c5e8a575') in 0.008143 seconds
  Import took 0.011222 seconds .

========================================================================
Received Import Request.
  Time since last request: 0.000225 seconds.
  path: Assets/Scenes/PlaneOcclusion/OcclusionMaterial.mat
  artifactKey: Guid(d6b768313798b43399468566cbfc8808) Importer(815301076,1909f56bfc062723c751e8b465ee728b)
Start importing Assets/Scenes/PlaneOcclusion/OcclusionMaterial.mat using Guid(d6b768313798b43399468566cbfc8808) Importer(815301076,1909f56bfc062723c751e8b465ee728b)  -> (artifact id: '04a5283c1b54ca22a9a073db60220a5c') in 0.010247 seconds
  Import took 0.013195 seconds .

========================================================================
Received Import Request.
  Time since last request: 0.000234 seconds.
  path: Assets/Scenes/Meshing/Materials_MeshClassification/MeshMaterial_Seat.mat
  artifactKey: Guid(f28b3aa036d2244fe918138556fa38d3) Importer(815301076,1909f56bfc062723c751e8b465ee728b)
Start importing Assets/Scenes/Meshing/Materials_MeshClassification/MeshMaterial_Seat.mat using Guid(f28b3aa036d2244fe918138556fa38d3) Importer(815301076,1909f56bfc062723c751e8b465ee728b)  -> (artifact id: 'f3f5c1e69c27aee10f6b36f22482a8c3') in 0.008338 seconds
  Import took 0.011401 seconds .

========================================================================
Received Import Request.
  Time since last request: 0.000259 seconds.
  path: Assets/Scenes/LightEstimation/Shiny.mat
  artifactKey: Guid(d1f734de3fd0c4a2b9b0042435f673df) Importer(815301076,1909f56bfc062723c751e8b465ee728b)
Start importing Assets/Scenes/LightEstimation/Shiny.mat using Guid(d1f734de3fd0c4a2b9b0042435f673df) Importer(815301076,1909f56bfc062723c751e8b465ee728b)  -> (artifact id: '1b5c88ce62b928f3960e3ab74ba2bf3c') in 0.205816 seconds
  Import took 0.209080 seconds .

========================================================================
Received Import Request.
  Time since last request: 0.000176 seconds.
  path: Assets/Scenes/Meshing/Materials_MeshClassification/MeshMaterial_Door.mat
  artifactKey: Guid(8aa144ce80e644152b9462716fd99c4b) Importer(815301076,1909f56bfc062723c751e8b465ee728b)
Start importing Assets/Scenes/Meshing/Materials_MeshClassification/MeshMaterial_Door.mat using Guid(8aa144ce80e644152b9462716fd99c4b) Importer(815301076,1909f56bfc062723c751e8b465ee728b)  -> (artifact id: '5a7699fc5910f612675b1392851e5759') in 0.008537 seconds
  Import took 0.011159 seconds .

========================================================================
Received Import Request.
  Time since last request: 0.000218 seconds.
  path: Assets/Scenes/Meshing/Materials_MeshClassification/MeshMaterial_Ceiling.mat
  artifactKey: Guid(49a567f2707bc47eb95ee3efae90189c) Importer(815301076,1909f56bfc062723c751e8b465ee728b)
Start importing Assets/Scenes/Meshing/Materials_MeshClassification/MeshMaterial_Ceiling.mat using Guid(49a567f2707bc47eb95ee3efae90189c) Importer(815301076,1909f56bfc062723c751e8b465ee728b)  -> (artifact id: '93274c007830e218d565945f2198b8fc') in 0.008490 seconds
  Import took 0.011028 seconds .

========================================================================
Received Import Request.
  Time since last request: 0.000221 seconds.
  path: Assets/Scenes/Meshing/Materials_MeshClassification/MeshMaterial_None.mat
  artifactKey: Guid(208182e155a4b40deb1848646851225d) Importer(815301076,1909f56bfc062723c751e8b465ee728b)
Start importing Assets/Scenes/Meshing/Materials_MeshClassification/MeshMaterial_None.mat using Guid(208182e155a4b40deb1848646851225d) Importer(815301076,1909f56bfc062723c751e8b465ee728b)  -> (artifact id: 'ea7f5ee162968207c2faec2bd9c1f379') in 0.009476 seconds
  Import took 0.012435 seconds .

========================================================================
Received Import Request.
  Time since last request: 0.000168 seconds.
  path: Assets/Scenes/Meshing/red.mat
  artifactKey: Guid(e7360144d7f619248821fe47d8acb152) Importer(815301076,1909f56bfc062723c751e8b465ee728b)
Start importing Assets/Scenes/Meshing/red.mat using Guid(e7360144d7f619248821fe47d8acb152) Importer(815301076,1909f56bfc062723c751e8b465ee728b)  -> (artifact id: '25c7cc27e402042215c34b2a7c23f24c') in 0.008580 seconds
  Import took 0.011548 seconds .

========================================================================
Received Import Request.
  Time since last request: 0.000181 seconds.
  path: Assets/Hovl Studio/Procedural fire/Materials/Trail67.mat
  artifactKey: Guid(3632881d102df0f47864d899fa15a49d) Importer(815301076,1909f56bfc062723c751e8b465ee728b)
Start importing Assets/Hovl Studio/Procedural fire/Materials/Trail67.mat using Guid(3632881d102df0f47864d899fa15a49d) Importer(815301076,1909f56bfc062723c751e8b465ee728b)  -> (artifact id: '0e8f63ea94ae15e2db8849c08dd93080') in 0.015928 seconds
  Import took 0.018287 seconds .

========================================================================
Received Import Request.
  Time since last request: 0.179777 seconds.
  path: Assets/Materials/Island/GroundMaterial.mat
  artifactKey: Guid(14a7f6a2fe084144198092edfc9f0352) Importer(815301076,1909f56bfc062723c751e8b465ee728b)
Start importing Assets/Materials/Island/GroundMaterial.mat using Guid(14a7f6a2fe084144198092edfc9f0352) Importer(815301076,1909f56bfc062723c751e8b465ee728b)  -> (artifact id: '040e72cc85fedffd095cef531eca44fe') in 0.007418 seconds
  Import took 0.010241 seconds .

========================================================================
Received Import Request.
  Time since last request: 0.000570 seconds.
  path: Assets/Hovl Studio/Procedural fire/Demo scene/Floor3.mat
  artifactKey: Guid(ca6fd35d7de69cb449d560ab9228d502) Importer(815301076,1909f56bfc062723c751e8b465ee728b)
Start importing Assets/Hovl Studio/Procedural fire/Demo scene/Floor3.mat using Guid(ca6fd35d7de69cb449d560ab9228d502) Importer(815301076,1909f56bfc062723c751e8b465ee728b)  -> (artifact id: '624a4da57a5fc6ce9622fac76f97db5a') in 1.288533 seconds
  Import took 1.291652 seconds .

========================================================================
Received Import Request.
  Time since last request: 0.000249 seconds.
  path: Assets/Materials/Island/GrassMaterial.mat
  artifactKey: Guid(d7919777f6f036f40add20087c0736b0) Importer(815301076,1909f56bfc062723c751e8b465ee728b)
Start importing Assets/Materials/Island/GrassMaterial.mat using Guid(d7919777f6f036f40add20087c0736b0) Importer(815301076,1909f56bfc062723c751e8b465ee728b)  -> (artifact id: 'b2df4259b9ccf87f4824a583ead5d57b') in 0.010387 seconds
  Import took 0.012793 seconds .

========================================================================
Received Import Request.
  Time since last request: 0.000212 seconds.
  path: Assets/Scenes/ImageTracking/Prefabs/FireFliesPrefab/Materials/FireFly.mat
  artifactKey: Guid(5471faebdbcc34e47baecfecda463063) Importer(815301076,1909f56bfc062723c751e8b465ee728b)
Start importing Assets/Scenes/ImageTracking/Prefabs/FireFliesPrefab/Materials/FireFly.mat using Guid(5471faebdbcc34e47baecfecda463063) Importer(815301076,1909f56bfc062723c751e8b465ee728b)  -> (artifact id: '063af110fbff0b2b2ee4dc0eb56c5b8b') in 0.091307 seconds
  Import took 0.094336 seconds .

========================================================================
Received Import Request.
  Time since last request: 0.000177 seconds.
  path: Assets/Scenes/ImageTracking/Prefabs/FireFliesPrefab/Materials/FireFlyTrail.mat
  artifactKey: Guid(1d11412570f90ba4caf1b0b6dea27152) Importer(815301076,1909f56bfc062723c751e8b465ee728b)
Start importing Assets/Scenes/ImageTracking/Prefabs/FireFliesPrefab/Materials/FireFlyTrail.mat using Guid(1d11412570f90ba4caf1b0b6dea27152) Importer(815301076,1909f56bfc062723c751e8b465ee728b)  -> (artifact id: '8209e57e9c1ca2e51ae5f881d760c476') in 0.120594 seconds
  Import took 0.123330 seconds .

========================================================================
Received Import Request.
  Time since last request: 0.000193 seconds.
  path: Assets/Materials/Island/CloudMaterial.mat
  artifactKey: Guid(957fad4254a519644a7ae6735a578bd2) Importer(815301076,1909f56bfc062723c751e8b465ee728b)
Start importing Assets/Materials/Island/CloudMaterial.mat using Guid(957fad4254a519644a7ae6735a578bd2) Importer(815301076,1909f56bfc062723c751e8b465ee728b)  -> (artifact id: 'cdbc95d47e5497a4df9dcf62edf61c99') in 0.010223 seconds
  Import took 0.012658 seconds .

========================================================================
Received Import Request.
  Time since last request: 0.371906 seconds.
  path: Assets/Scenes/ImageTracking/Prefabs/VikingHelmetPrefab/VikingHelmet.fbx
  artifactKey: Guid(a20ea7771cebbda4696ef82ef45481a0) Importer(815301076,1909f56bfc062723c751e8b465ee728b)
Start importing Assets/Scenes/ImageTracking/Prefabs/VikingHelmetPrefab/VikingHelmet.fbx using Guid(a20ea7771cebbda4696ef82ef45481a0) Importer(815301076,1909f56bfc062723c751e8b465ee728b)  -> (artifact id: '15d6d41b2df2157a34ec5d5ee18ff96b') in 0.415487 seconds
  Import took 0.419024 seconds .

========================================================================
Received Import Request.
  Time since last request: 0.000178 seconds.
  path: Assets/Scenes/CameraGrain/CameraGrain.mat
  artifactKey: Guid(b030c1fae70fb4d5695886b9618b8c31) Importer(815301076,1909f56bfc062723c751e8b465ee728b)
Start importing Assets/Scenes/CameraGrain/CameraGrain.mat using Guid(b030c1fae70fb4d5695886b9618b8c31) Importer(815301076,1909f56bfc062723c751e8b465ee728b)  -> (artifact id: '0756da2d9238b93c0274063c51d6de4e') in 0.080695 seconds
  Import took 0.083527 seconds .

========================================================================
Received Import Request.
  Time since last request: 2.714154 seconds.
  path: Assets/Prefabs/Cube.prefab
  artifactKey: Guid(ddf14776ecb604ad7958bf342d3b57fd) Importer(815301076,1909f56bfc062723c751e8b465ee728b)
Start importing Assets/Prefabs/Cube.prefab using Guid(ddf14776ecb604ad7958bf342d3b57fd) Importer(815301076,1909f56bfc062723c751e8b465ee728b)  -> (artifact id: 'c1eeaeea72487dfd7ca4164abb108f81') in 0.100786 seconds
  Import took 0.103860 seconds .

========================================================================
Received Prepare
Refreshing native plugins compatible for Editor in 5.94 ms, found 1 plugins.
Preloading 0 native plugins for Editor in 0.00 ms.
Unloading 11 Unused Serialized files (Serialized files now loaded: 0)
System memory in use before: 137.8 MB.
System memory in use after: 137.9 MB.

Unloading 13 unused Assets to reduce memory usage. Loaded Objects now: 1983.
Total: 2.377843 ms (FindLiveObjects: 0.185500 ms CreateObjectMapping: 0.054436 ms MarkObjects: 2.113193 ms  DeleteObjects: 0.023664 ms)

========================================================================
Received Prepare
Registering precompiled user dll's ...
Registered in 0.000596 seconds.
Begin MonoManager ReloadAssembly
Native extension for WindowsStandalone target not found
Native extension for OSXStandalone target not found
Native extension for WebGL target not found
Refreshing native plugins compatible for Editor in 0.42 ms, found 1 plugins.
Preloading 0 native plugins for Editor in 0.00 ms.
Invoked RoslynAnalysisRunner static constructor.
RoslynAnalysisRunner will not be running.
RoslynAnalysisRunner has terminated.
Mono: successfully reloaded assembly
- Completed reload, in  1.238 seconds
Platform modules already initialized, skipping
Switching build target platform(2) subTarget(0) extendedPlatform(0) -> platform(9) subTarget(16777218) extendedPlatform(0)
Refreshing native plugins compatible for Editor in 0.31 ms, found 1 plugins.
Preloading 0 native plugins for Editor in 0.00 ms.
Unloading 1470 Unused Serialized files (Serialized files now loaded: 0)
System memory in use before: 164.0 MB.
System memory in use after: 164.1 MB.

Unloading 14 unused Assets to reduce memory usage. Loaded Objects now: 1987.
Total: 1.734489 ms (FindLiveObjects: 0.167793 ms CreateObjectMapping: 0.040306 ms MarkObjects: 1.512047 ms  DeleteObjects: 0.013615 ms)

AssetImportParameters requested are different than current active one (requested -> active):
  custom:graphics/normal-map-encoding: 01000000000000000000000000000000 -> 02000000000000000000000000000000
========================================================================
Received Prepare
Refreshing native plugins compatible for Editor in 2.26 ms, found 1 plugins.
Preloading 0 native plugins for Editor in 0.00 ms.
Unloading 11 Unused Serialized files (Serialized files now loaded: 0)
System memory in use before: 136.5 MB.
System memory in use after: 136.6 MB.

Unloading 11 unused Assets to reduce memory usage. Loaded Objects now: 1987.
Total: 2.055075 ms (FindLiveObjects: 0.230469 ms CreateObjectMapping: 0.080348 ms MarkObjects: 1.729624 ms  DeleteObjects: 0.013614 ms)

========================================================================
Received Prepare
Registering precompiled user dll's ...
Registered in 0.000316 seconds.
Begin MonoManager ReloadAssembly
Native extension for WindowsStandalone target not found
Native extension for OSXStandalone target not found
Native extension for WebGL target not found
Refreshing native plugins compatible for Editor in 0.38 ms, found 1 plugins.
Preloading 0 native plugins for Editor in 0.00 ms.
Invoked RoslynAnalysisRunner static constructor.
RoslynAnalysisRunner will not be running.
RoslynAnalysisRunner has terminated.
Mono: successfully reloaded assembly
- Completed reload, in  1.081 seconds
Platform modules already initialized, skipping
Switching build target platform(2) subTarget(0) extendedPlatform(0) -> platform(9) subTarget(16777218) extendedPlatform(0)
Refreshing native plugins compatible for Editor in 0.29 ms, found 1 plugins.
Preloading 0 native plugins for Editor in 0.00 ms.
Unloading 1470 Unused Serialized files (Serialized files now loaded: 0)
System memory in use before: 164.3 MB.
System memory in use after: 164.4 MB.

Unloading 14 unused Assets to reduce memory usage. Loaded Objects now: 1991.
Total: 1.957274 ms (FindLiveObjects: 0.196509 ms CreateObjectMapping: 0.057347 ms MarkObjects: 1.683618 ms  DeleteObjects: 0.018368 ms)

AssetImportParameters requested are different than current active one (requested -> active):
  custom:graphics/normal-map-encoding: 01000000000000000000000000000000 -> 02000000000000000000000000000000
========================================================================
Received Prepare
Refreshing native plugins compatible for Editor in 2.01 ms, found 1 plugins.
Preloading 0 native plugins for Editor in 0.00 ms.
Unloading 11 Unused Serialized files (Serialized files now loaded: 0)
System memory in use before: 136.8 MB.
System memory in use after: 136.9 MB.

Unloading 11 unused Assets to reduce memory usage. Loaded Objects now: 1991.
Total: 2.028656 ms (FindLiveObjects: 0.182824 ms CreateObjectMapping: 0.053746 ms MarkObjects: 1.777775 ms  DeleteObjects: 0.013154 ms)

========================================================================
Received Prepare
Registering precompiled user dll's ...
Registered in 0.000436 seconds.
Begin MonoManager ReloadAssembly
Native extension for WindowsStandalone target not found
Native extension for OSXStandalone target not found
Native extension for WebGL target not found
Refreshing native plugins compatible for Editor in 0.32 ms, found 1 plugins.
Preloading 0 native plugins for Editor in 0.00 ms.
Invoked RoslynAnalysisRunner static constructor.
RoslynAnalysisRunner will not be running.
RoslynAnalysisRunner has terminated.
Mono: successfully reloaded assembly
- Completed reload, in  0.932 seconds
Platform modules already initialized, skipping
Switching build target platform(2) subTarget(0) extendedPlatform(0) -> platform(9) subTarget(16777218) extendedPlatform(0)
Refreshing native plugins compatible for Editor in 0.34 ms, found 1 plugins.
Preloading 0 native plugins for Editor in 0.00 ms.
Unloading 1470 Unused Serialized files (Serialized files now loaded: 0)
System memory in use before: 164.5 MB.
System memory in use after: 164.7 MB.

Unloading 14 unused Assets to reduce memory usage. Loaded Objects now: 1995.
Total: 2.033481 ms (FindLiveObjects: 0.282430 ms CreateObjectMapping: 0.077005 ms MarkObjects: 1.655531 ms  DeleteObjects: 0.017301 ms)

AssetImportParameters requested are different than current active one (requested -> active):
  custom:graphics/normal-map-encoding: 01000000000000000000000000000000 -> 02000000000000000000000000000000
========================================================================
Received Prepare
Refreshing native plugins compatible for Editor in 2.03 ms, found 1 plugins.
Preloading 0 native plugins for Editor in 0.00 ms.
Unloading 11 Unused Serialized files (Serialized files now loaded: 0)
System memory in use before: 137.0 MB.
System memory in use after: 137.1 MB.

Unloading 11 unused Assets to reduce memory usage. Loaded Objects now: 1995.
Total: 2.060071 ms (FindLiveObjects: 0.179299 ms CreateObjectMapping: 0.056359 ms MarkObjects: 1.793453 ms  DeleteObjects: 0.029453 ms)

========================================================================
Received Prepare
Registering precompiled user dll's ...
Registered in 0.000329 seconds.
Begin MonoManager ReloadAssembly
Native extension for WindowsStandalone target not found
Native extension for OSXStandalone target not found
Native extension for WebGL target not found
Refreshing native plugins compatible for Editor in 0.34 ms, found 1 plugins.
Preloading 0 native plugins for Editor in 0.00 ms.
Invoked RoslynAnalysisRunner static constructor.
RoslynAnalysisRunner will not be running.
RoslynAnalysisRunner has terminated.
Mono: successfully reloaded assembly
- Completed reload, in  1.018 seconds
Platform modules already initialized, skipping
Switching build target platform(2) subTarget(0) extendedPlatform(0) -> platform(9) subTarget(16777218) extendedPlatform(0)
Refreshing native plugins compatible for Editor in 0.35 ms, found 1 plugins.
Preloading 0 native plugins for Editor in 0.00 ms.
Unloading 1470 Unused Serialized files (Serialized files now loaded: 0)
System memory in use before: 164.8 MB.
System memory in use after: 164.9 MB.

Unloading 14 unused Assets to reduce memory usage. Loaded Objects now: 1999.
Total: 1.956946 ms (FindLiveObjects: 0.189482 ms CreateObjectMapping: 0.054643 ms MarkObjects: 1.697230 ms  DeleteObjects: 0.014474 ms)

AssetImportParameters requested are different than current active one (requested -> active):
  custom:graphics/normal-map-encoding: 01000000000000000000000000000000 -> 02000000000000000000000000000000
========================================================================
Received Prepare
Refreshing native plugins compatible for Editor in 2.02 ms, found 1 plugins.
Preloading 0 native plugins for Editor in 0.00 ms.
Unloading 11 Unused Serialized files (Serialized files now loaded: 0)
System memory in use before: 137.3 MB.
System memory in use after: 137.4 MB.

Unloading 11 unused Assets to reduce memory usage. Loaded Objects now: 1999.
Total: 2.574373 ms (FindLiveObjects: 0.245713 ms CreateObjectMapping: 0.063201 ms MarkObjects: 2.245302 ms  DeleteObjects: 0.018768 ms)

========================================================================
Received Prepare
Registering precompiled user dll's ...
Registered in 0.000323 seconds.
Begin MonoManager ReloadAssembly
Native extension for WindowsStandalone target not found
Native extension for OSXStandalone target not found
Native extension for WebGL target not found
Refreshing native plugins compatible for Editor in 0.31 ms, found 1 plugins.
Preloading 0 native plugins for Editor in 0.00 ms.
Invoked RoslynAnalysisRunner static constructor.
RoslynAnalysisRunner will not be running.
RoslynAnalysisRunner has terminated.
Mono: successfully reloaded assembly
- Completed reload, in  0.984 seconds
Platform modules already initialized, skipping
Switching build target platform(2) subTarget(0) extendedPlatform(0) -> platform(9) subTarget(16777218) extendedPlatform(0)
Refreshing native plugins compatible for Editor in 0.36 ms, found 1 plugins.
Preloading 0 native plugins for Editor in 0.00 ms.
Unloading 1471 Unused Serialized files (Serialized files now loaded: 0)
System memory in use before: 165.1 MB.
System memory in use after: 165.2 MB.

Unloading 14 unused Assets to reduce memory usage. Loaded Objects now: 2004.
Total: 2.212894 ms (FindLiveObjects: 0.287498 ms CreateObjectMapping: 0.075194 ms MarkObjects: 1.830947 ms  DeleteObjects: 0.017604 ms)

AssetImportParameters requested are different than current active one (requested -> active):
  custom:graphics/normal-map-encoding: 01000000000000000000000000000000 -> 02000000000000000000000000000000
========================================================================
Received Prepare
Registering precompiled user dll's ...
Registered in 0.000519 seconds.
Begin MonoManager ReloadAssembly
Native extension for WindowsStandalone target not found
Native extension for OSXStandalone target not found
Native extension for WebGL target not found
Refreshing native plugins compatible for Editor in 0.32 ms, found 1 plugins.
Preloading 0 native plugins for Editor in 0.00 ms.
Invoked RoslynAnalysisRunner static constructor.
RoslynAnalysisRunner will not be running.
RoslynAnalysisRunner has terminated.
Mono: successfully reloaded assembly
- Completed reload, in  0.921 seconds
Platform modules already initialized, skipping
Switching build target platform(2) subTarget(0) extendedPlatform(0) -> platform(9) subTarget(16777218) extendedPlatform(0)
Refreshing native plugins compatible for Editor in 0.31 ms, found 1 plugins.
Preloading 0 native plugins for Editor in 0.00 ms.
Unloading 1471 Unused Serialized files (Serialized files now loaded: 0)
System memory in use before: 165.3 MB.
System memory in use after: 165.4 MB.

Unloading 14 unused Assets to reduce memory usage. Loaded Objects now: 2008.
Total: 3.509335 ms (FindLiveObjects: 0.258588 ms CreateObjectMapping: 0.072700 ms MarkObjects: 3.157501 ms  DeleteObjects: 0.019122 ms)

AssetImportParameters requested are different than current active one (requested -> active):
  custom:graphics/normal-map-encoding: 01000000000000000000000000000000 -> 02000000000000000000000000000000
========================================================================
Received Prepare
Registering precompiled user dll's ...
Registered in 0.000454 seconds.
Begin MonoManager ReloadAssembly
Native extension for WindowsStandalone target not found
Native extension for OSXStandalone target not found
Native extension for WebGL target not found
Refreshing native plugins compatible for Editor in 0.34 ms, found 1 plugins.
Preloading 0 native plugins for Editor in 0.00 ms.
Invoked RoslynAnalysisRunner static constructor.
RoslynAnalysisRunner will not be running.
RoslynAnalysisRunner has terminated.
Mono: successfully reloaded assembly
- Completed reload, in  0.982 seconds
Platform modules already initialized, skipping
Switching build target platform(2) subTarget(0) extendedPlatform(0) -> platform(9) subTarget(16777218) extendedPlatform(0)
Refreshing native plugins compatible for Editor in 0.35 ms, found 1 plugins.
Preloading 0 native plugins for Editor in 0.00 ms.
Unloading 1471 Unused Serialized files (Serialized files now loaded: 0)
System memory in use before: 165.5 MB.
System memory in use after: 165.6 MB.

Unloading 14 unused Assets to reduce memory usage. Loaded Objects now: 2012.
Total: 2.159800 ms (FindLiveObjects: 0.235469 ms CreateObjectMapping: 0.068041 ms MarkObjects: 1.835517 ms  DeleteObjects: 0.019567 ms)

AssetImportParameters requested are different than current active one (requested -> active):
  custom:graphics/normal-map-encoding: 01000000000000000000000000000000 -> 02000000000000000000000000000000
========================================================================
Received Prepare
Refreshing native plugins compatible for Editor in 2.20 ms, found 1 plugins.
Preloading 0 native plugins for Editor in 0.00 ms.
Unloading 11 Unused Serialized files (Serialized files now loaded: 0)
System memory in use before: 138.0 MB.
System memory in use after: 138.1 MB.

Unloading 11 unused Assets to reduce memory usage. Loaded Objects now: 2012.
Total: 2.121168 ms (FindLiveObjects: 0.196682 ms CreateObjectMapping: 0.060827 ms MarkObjects: 1.848209 ms  DeleteObjects: 0.013703 ms)

========================================================================
Received Import Request.
  Time since last request: 1780.452325 seconds.
  path: Assets/Prefabs/Cube.prefab
  artifactKey: Guid(ddf14776ecb604ad7958bf342d3b57fd) Importer(815301076,1909f56bfc062723c751e8b465ee728b)
Start importing Assets/Prefabs/Cube.prefab using Guid(ddf14776ecb604ad7958bf342d3b57fd) Importer(815301076,1909f56bfc062723c751e8b465ee728b)  -> (artifact id: 'd196f35921b112f9d34ca6cd2929c129') in 0.215782 seconds
  Import took 0.221119 seconds .

========================================================================
Received Import Request.
  Time since last request: 89.074353 seconds.
  path: Assets/Prefabs/Cube.prefab
  artifactKey: Guid(ddf14776ecb604ad7958bf342d3b57fd) Importer(815301076,1909f56bfc062723c751e8b465ee728b)
Start importing Assets/Prefabs/Cube.prefab using Guid(ddf14776ecb604ad7958bf342d3b57fd) Importer(815301076,1909f56bfc062723c751e8b465ee728b)  -> (artifact id: 'd1835df0d3e4149bb7ad4a9b10aec59b') in 0.113255 seconds
  Import took 0.117526 seconds .

========================================================================
Received Import Request.
  Time since last request: 3.479598 seconds.
  path: Assets/Prefabs/Cube.prefab
  artifactKey: Guid(ddf14776ecb604ad7958bf342d3b57fd) Importer(815301076,1909f56bfc062723c751e8b465ee728b)
Start importing Assets/Prefabs/Cube.prefab using Guid(ddf14776ecb604ad7958bf342d3b57fd) Importer(815301076,1909f56bfc062723c751e8b465ee728b)  -> (artifact id: 'bafc78e1b1ec32a5dfad8ac4410753a7') in 0.113384 seconds
  Import took 0.117146 seconds .

========================================================================
Received Prepare
Refreshing native plugins compatible for Editor in 5.29 ms, found 1 plugins.
Preloading 0 native plugins for Editor in 0.00 ms.
Unloading 11 Unused Serialized files (Serialized files now loaded: 0)
System memory in use before: 138.9 MB.
System memory in use after: 139.1 MB.

Unloading 11 unused Assets to reduce memory usage. Loaded Objects now: 2013.
Total: 2.438065 ms (FindLiveObjects: 0.177594 ms CreateObjectMapping: 0.055705 ms MarkObjects: 2.190528 ms  DeleteObjects: 0.013190 ms)

========================================================================
Received Prepare
Registering precompiled user dll's ...
Registered in 0.000339 seconds.
Begin MonoManager ReloadAssembly
Native extension for WindowsStandalone target not found
Native extension for OSXStandalone target not found
Native extension for WebGL target not found
Refreshing native plugins compatible for Editor in 0.34 ms, found 1 plugins.
Preloading 0 native plugins for Editor in 0.00 ms.
Invoked RoslynAnalysisRunner static constructor.
RoslynAnalysisRunner will not be running.
RoslynAnalysisRunner has terminated.
Mono: successfully reloaded assembly
- Completed reload, in  1.002 seconds
Platform modules already initialized, skipping
Switching build target platform(2) subTarget(0) extendedPlatform(0) -> platform(9) subTarget(16777218) extendedPlatform(0)
Refreshing native plugins compatible for Editor in 0.33 ms, found 1 plugins.
Preloading 0 native plugins for Editor in 0.00 ms.
Unloading 1471 Unused Serialized files (Serialized files now loaded: 0)
System memory in use before: 165.9 MB.
System memory in use after: 166.0 MB.

Unloading 14 unused Assets to reduce memory usage. Loaded Objects now: 2017.
Total: 1.645292 ms (FindLiveObjects: 0.158201 ms CreateObjectMapping: 0.044342 ms MarkObjects: 1.428654 ms  DeleteObjects: 0.013273 ms)

AssetImportParameters requested are different than current active one (requested -> active):
  custom:graphics/normal-map-encoding: 01000000000000000000000000000000 -> 02000000000000000000000000000000
========================================================================
Received Import Request.
  Time since last request: 180.772216 seconds.
  path: Assets/Prefabs/Cube.prefab
  artifactKey: Guid(ddf14776ecb604ad7958bf342d3b57fd) Importer(815301076,1909f56bfc062723c751e8b465ee728b)
Start importing Assets/Prefabs/Cube.prefab using Guid(ddf14776ecb604ad7958bf342d3b57fd) Importer(815301076,1909f56bfc062723c751e8b465ee728b)  -> (artifact id: '897033387071c6cef885b6d1fbefe841') in 0.591186 seconds
  Import took 0.595811 seconds .

========================================================================
Received Import Request.
  Time since last request: 6.968351 seconds.
  path: Assets/Prefabs/Cube.prefab
  artifactKey: Guid(ddf14776ecb604ad7958bf342d3b57fd) Importer(815301076,1909f56bfc062723c751e8b465ee728b)
Start importing Assets/Prefabs/Cube.prefab using Guid(ddf14776ecb604ad7958bf342d3b57fd) Importer(815301076,1909f56bfc062723c751e8b465ee728b)  -> (artifact id: '8207a2747d4fcfb7e1cf1a577fe5f47a') in 0.116909 seconds
  Import took 0.121716 seconds .

========================================================================
Received Import Request.
  Time since last request: 10.628094 seconds.
  path: Assets/Prefabs/Cube.prefab
  artifactKey: Guid(ddf14776ecb604ad7958bf342d3b57fd) Importer(815301076,1909f56bfc062723c751e8b465ee728b)
Start importing Assets/Prefabs/Cube.prefab using Guid(ddf14776ecb604ad7958bf342d3b57fd) Importer(815301076,1909f56bfc062723c751e8b465ee728b)  -> (artifact id: '86cbd9b08162b27230fcef11e51c93c8') in 0.109089 seconds
  Import took 0.113706 seconds .

========================================================================
Received Import Request.
  Time since last request: 5.866351 seconds.
  path: Assets/Prefabs/Cube.prefab
  artifactKey: Guid(ddf14776ecb604ad7958bf342d3b57fd) Importer(815301076,1909f56bfc062723c751e8b465ee728b)
Start importing Assets/Prefabs/Cube.prefab using Guid(ddf14776ecb604ad7958bf342d3b57fd) Importer(815301076,1909f56bfc062723c751e8b465ee728b)  -> (artifact id: '96aabc7e1bf8c591d6571c1ab0ef7660') in 0.112729 seconds
  Import took 0.117652 seconds .

========================================================================
Received Prepare
Registering precompiled user dll's ...
Registered in 0.000428 seconds.
Begin MonoManager ReloadAssembly
Native extension for WindowsStandalone target not found
Native extension for OSXStandalone target not found
Native extension for WebGL target not found
Refreshing native plugins compatible for Editor in 0.33 ms, found 1 plugins.
Preloading 0 native plugins for Editor in 0.00 ms.
Invoked RoslynAnalysisRunner static constructor.
RoslynAnalysisRunner will not be running.
RoslynAnalysisRunner has terminated.
Mono: successfully reloaded assembly
- Completed reload, in  0.925 seconds
Platform modules already initialized, skipping
Switching build target platform(2) subTarget(0) extendedPlatform(0) -> platform(9) subTarget(16777218) extendedPlatform(0)
Refreshing native plugins compatible for Editor in 0.50 ms, found 1 plugins.
Preloading 0 native plugins for Editor in 0.00 ms.
Unloading 1471 Unused Serialized files (Serialized files now loaded: 0)
System memory in use before: 166.6 MB.
System memory in use after: 166.7 MB.

Unloading 14 unused Assets to reduce memory usage. Loaded Objects now: 2022.
Total: 2.775939 ms (FindLiveObjects: 0.185966 ms CreateObjectMapping: 0.057709 ms MarkObjects: 2.506021 ms  DeleteObjects: 0.024716 ms)

AssetImportParameters requested are different than current active one (requested -> active):
  custom:graphics/normal-map-encoding: 01000000000000000000000000000000 -> 02000000000000000000000000000000
========================================================================
Received Prepare
Registering precompiled user dll's ...
Registered in 0.000378 seconds.
Begin MonoManager ReloadAssembly
Native extension for WindowsStandalone target not found
Native extension for OSXStandalone target not found
Native extension for WebGL target not found
Refreshing native plugins compatible for Editor in 0.40 ms, found 1 plugins.
Preloading 0 native plugins for Editor in 0.00 ms.
Invoked RoslynAnalysisRunner static constructor.
RoslynAnalysisRunner will not be running.
RoslynAnalysisRunner has terminated.
Mono: successfully reloaded assembly
- Completed reload, in  1.008 seconds
Platform modules already initialized, skipping
Switching build target platform(2) subTarget(0) extendedPlatform(0) -> platform(9) subTarget(16777218) extendedPlatform(0)
Refreshing native plugins compatible for Editor in 0.36 ms, found 1 plugins.
Preloading 0 native plugins for Editor in 0.00 ms.
Unloading 1471 Unused Serialized files (Serialized files now loaded: 0)
System memory in use before: 166.8 MB.
System memory in use after: 166.9 MB.

Unloading 14 unused Assets to reduce memory usage. Loaded Objects now: 2026.
Total: 2.393381 ms (FindLiveObjects: 0.238899 ms CreateObjectMapping: 0.072378 ms MarkObjects: 2.061013 ms  DeleteObjects: 0.019714 ms)

AssetImportParameters requested are different than current active one (requested -> active):
  custom:graphics/normal-map-encoding: 01000000000000000000000000000000 -> 02000000000000000000000000000000
========================================================================
Received Prepare
Refreshing native plugins compatible for Editor in 5.22 ms, found 1 plugins.
Preloading 0 native plugins for Editor in 0.00 ms.
Unloading 11 Unused Serialized files (Serialized files now loaded: 0)
System memory in use before: 138.9 MB.
System memory in use after: 139.1 MB.

Unloading 11 unused Assets to reduce memory usage. Loaded Objects now: 2026.
Total: 2.003048 ms (FindLiveObjects: 0.197476 ms CreateObjectMapping: 0.058868 ms MarkObjects: 1.731693 ms  DeleteObjects: 0.013714 ms)

========================================================================
Received Prepare
Registering precompiled user dll's ...
Registered in 0.000504 seconds.
Begin MonoManager ReloadAssembly
Native extension for WindowsStandalone target not found
Native extension for OSXStandalone target not found
Native extension for WebGL target not found
Refreshing native plugins compatible for Editor in 0.32 ms, found 1 plugins.
Preloading 0 native plugins for Editor in 0.00 ms.
Invoked RoslynAnalysisRunner static constructor.
RoslynAnalysisRunner will not be running.
RoslynAnalysisRunner has terminated.
Mono: successfully reloaded assembly
- Completed reload, in  0.978 seconds
Platform modules already initialized, skipping
Switching build target platform(2) subTarget(0) extendedPlatform(0) -> platform(9) subTarget(16777218) extendedPlatform(0)
Refreshing native plugins compatible for Editor in 0.36 ms, found 1 plugins.
Preloading 0 native plugins for Editor in 0.00 ms.
Unloading 1471 Unused Serialized files (Serialized files now loaded: 0)
System memory in use before: 167.1 MB.
System memory in use after: 167.2 MB.

Unloading 14 unused Assets to reduce memory usage. Loaded Objects now: 2030.
Total: 2.181135 ms (FindLiveObjects: 0.234219 ms CreateObjectMapping: 0.078884 ms MarkObjects: 1.850783 ms  DeleteObjects: 0.016193 ms)

AssetImportParameters requested are different than current active one (requested -> active):
  custom:graphics/normal-map-encoding: 01000000000000000000000000000000 -> 02000000000000000000000000000000
========================================================================
Received Prepare
Refreshing native plugins compatible for Editor in 2.11 ms, found 1 plugins.
Preloading 0 native plugins for Editor in 0.00 ms.
Unloading 11 Unused Serialized files (Serialized files now loaded: 0)
System memory in use before: 139.2 MB.
System memory in use after: 139.3 MB.

Unloading 11 unused Assets to reduce memory usage. Loaded Objects now: 2030.
Total: 2.012379 ms (FindLiveObjects: 0.201041 ms CreateObjectMapping: 0.057554 ms MarkObjects: 1.738500 ms  DeleteObjects: 0.014001 ms)

========================================================================
Received Prepare
Registering precompiled user dll's ...
Registered in 0.000415 seconds.
Begin MonoManager ReloadAssembly
Native extension for WindowsStandalone target not found
Native extension for OSXStandalone target not found
Native extension for WebGL target not found
Refreshing native plugins compatible for Editor in 0.31 ms, found 1 plugins.
Preloading 0 native plugins for Editor in 0.00 ms.
Invoked RoslynAnalysisRunner static constructor.
RoslynAnalysisRunner will not be running.
RoslynAnalysisRunner has terminated.
Mono: successfully reloaded assembly
- Completed reload, in  0.936 seconds
Platform modules already initialized, skipping
Switching build target platform(2) subTarget(0) extendedPlatform(0) -> platform(9) subTarget(16777218) extendedPlatform(0)
Refreshing native plugins compatible for Editor in 0.34 ms, found 1 plugins.
Preloading 0 native plugins for Editor in 0.00 ms.
Unloading 1471 Unused Serialized files (Serialized files now loaded: 0)
System memory in use before: 167.4 MB.
System memory in use after: 167.5 MB.

Unloading 14 unused Assets to reduce memory usage. Loaded Objects now: 2034.
Total: 1.903285 ms (FindLiveObjects: 0.244407 ms CreateObjectMapping: 0.051008 ms MarkObjects: 1.591995 ms  DeleteObjects: 0.014410 ms)

AssetImportParameters requested are different than current active one (requested -> active):
  custom:graphics/normal-map-encoding: 01000000000000000000000000000000 -> 02000000000000000000000000000000
========================================================================
Received Prepare
Refreshing native plugins compatible for Editor in 2.04 ms, found 1 plugins.
Preloading 0 native plugins for Editor in 0.00 ms.
Unloading 11 Unused Serialized files (Serialized files now loaded: 0)
System memory in use before: 139.5 MB.
System memory in use after: 139.6 MB.

Unloading 11 unused Assets to reduce memory usage. Loaded Objects now: 2034.
Total: 2.038103 ms (FindLiveObjects: 0.224564 ms CreateObjectMapping: 0.066075 ms MarkObjects: 1.732554 ms  DeleteObjects: 0.013734 ms)

========================================================================
Received Prepare
Registering precompiled user dll's ...
Registered in 0.000365 seconds.
Begin MonoManager ReloadAssembly
Native extension for WindowsStandalone target not found
Native extension for OSXStandalone target not found
Native extension for WebGL target not found
Refreshing native plugins compatible for Editor in 0.31 ms, found 1 plugins.
Preloading 0 native plugins for Editor in 0.00 ms.
Invoked RoslynAnalysisRunner static constructor.
RoslynAnalysisRunner will not be running.
RoslynAnalysisRunner has terminated.
Mono: successfully reloaded assembly
- Completed reload, in  1.036 seconds
Platform modules already initialized, skipping
Switching build target platform(2) subTarget(0) extendedPlatform(0) -> platform(9) subTarget(16777218) extendedPlatform(0)
Refreshing native plugins compatible for Editor in 0.34 ms, found 1 plugins.
Preloading 0 native plugins for Editor in 0.00 ms.
Unloading 1471 Unused Serialized files (Serialized files now loaded: 0)
System memory in use before: 167.7 MB.
System memory in use after: 167.8 MB.

Unloading 14 unused Assets to reduce memory usage. Loaded Objects now: 2038.
Total: 1.764699 ms (FindLiveObjects: 0.204228 ms CreateObjectMapping: 0.050568 ms MarkObjects: 1.495652 ms  DeleteObjects: 0.013428 ms)

AssetImportParameters requested are different than current active one (requested -> active):
  custom:graphics/normal-map-encoding: 01000000000000000000000000000000 -> 02000000000000000000000000000000
========================================================================
Received Prepare
Refreshing native plugins compatible for Editor in 1.98 ms, found 1 plugins.
Preloading 0 native plugins for Editor in 0.00 ms.
Unloading 11 Unused Serialized files (Serialized files now loaded: 0)
System memory in use before: 139.8 MB.
System memory in use after: 139.9 MB.

Unloading 11 unused Assets to reduce memory usage. Loaded Objects now: 2038.
Total: 2.073363 ms (FindLiveObjects: 0.230566 ms CreateObjectMapping: 0.061607 ms MarkObjects: 1.761713 ms  DeleteObjects: 0.018290 ms)

